.buildozer/android/platform/build-armeabi-v7a/dists/acbt__armeabi-v7a/build/intermediates/manifest_merge_blame_file/debug/manifest-merger-blame-debug-report.txt
1<?xml version="1.0" encoding="utf-8"?>
2<manifest xmlns:android="http://schemas.android.com/apk/res/android"
3    package="org.acbt.acbt"
4    android:installLocation="auto"
5    android:versionCode="7211"
6    android:versionName="0.1" > <!-- Android 2.3.3 -->
7    <uses-sdk
7-->src/main/AndroidManifest.xml:19:5-74
8        android:minSdkVersion="21"
8-->src/main/AndroidManifest.xml:19:15-41
9        android:targetSdkVersion="28" />
9-->src/main/AndroidManifest.xml:19:42-71
10
11    <supports-screens
11-->src/main/AndroidManifest.xml:8:5-16:7
12        android:anyDensity="true"
12-->src/main/AndroidManifest.xml:12:13-38
13        android:largeScreens="true"
13-->src/main/AndroidManifest.xml:11:13-40
14        android:normalScreens="true"
14-->src/main/AndroidManifest.xml:10:13-41
15        android:smallScreens="true"
15-->src/main/AndroidManifest.xml:9:13-40
16        android:xlargeScreens="true" />
16-->src/main/AndroidManifest.xml:14:13-41
17
18    <!-- Allow writing to external storage -->
19    <uses-permission android:name="android.permission.INTERNET" />
19-->src/main/AndroidManifest.xml:22:5-67
19-->src/main/AndroidManifest.xml:22:22-64
20    <uses-permission android:name="android.permission.WRITE_EXTERNAL_STORAGE" />
20-->src/main/AndroidManifest.xml:25:5-81
20-->src/main/AndroidManifest.xml:25:22-78
21    <uses-permission android:name="android.permission.READ_EXTERNAL_STORAGE" />
21-->src/main/AndroidManifest.xml:29:5-80
21-->src/main/AndroidManifest.xml:29:22-77
22    <uses-permission android:name="android.permission.CALL_PRIVILEGED" />
22-->src/main/AndroidManifest.xml:33:5-74
22-->src/main/AndroidManifest.xml:33:22-71
23    <uses-permission android:name="android.permission.CALL_PHONE" />
23-->src/main/AndroidManifest.xml:37:5-69
23-->src/main/AndroidManifest.xml:37:22-66
24
25    <!--
26     Create a Java class extending SDLActivity and place it in a
27         directory under src matching the package, e.g.
28         	src/com/gamemaker/game/MyGame.java
29
30         then replace "SDLActivity" with the name of your class (e.g. "MyGame")
31         in the XML below.
32
33         An example Java class can be found in README-android.txt
34    -->
35    <application
35-->src/main/AndroidManifest.xml:54:5-84:19
36        android:allowBackup="true"
36-->src/main/AndroidManifest.xml:56:18-44
37        android:debuggable="true"
37-->src/main/AndroidManifest.xml:61:18-43
38        android:hardwareAccelerated="true"
38-->src/main/AndroidManifest.xml:59:18-52
39        android:icon="@drawable/icon"
39-->src/main/AndroidManifest.xml:55:18-47
40        android:label="@string/app_name"
40-->src/main/AndroidManifest.xml:54:18-50
41        android:testOnly="true"
42        android:theme="@android:style/Theme.NoTitleBar"
42-->src/main/AndroidManifest.xml:58:18-65
43        android:usesCleartextTraffic="true" >
43-->src/main/AndroidManifest.xml:60:18-53
44        <meta-data
44-->src/main/AndroidManifest.xml:65:9-63
45            android:name="wakelock"
45-->src/main/AndroidManifest.xml:65:20-43
46            android:value="0" />
46-->src/main/AndroidManifest.xml:65:44-61
47
48        <activity
48-->src/main/AndroidManifest.xml:67:9-78:40
49            android:name="org.kivy.android.PythonActivity"
49-->src/main/AndroidManifest.xml:67:19-65
50            android:configChanges="mcc|mnc|locale|touchscreen|keyboard|keyboardHidden|navigation|orientation|screenLayout|fontScale|uiMode|uiMode|screenSize|smallestScreenSize|layoutDirection"
50-->src/main/AndroidManifest.xml:69:19-199
51            android:label="@string/app_name"
51-->src/main/AndroidManifest.xml:68:19-51
52            android:launchMode="singleTask"
52-->src/main/AndroidManifest.xml:72:19-50
53            android:screenOrientation="portrait" >
53-->src/main/AndroidManifest.xml:70:19-55
54            <intent-filter>
54-->src/main/AndroidManifest.xml:75:13-78:29
55                <action android:name="android.intent.action.MAIN" />
55-->src/main/AndroidManifest.xml:76:17-69
55-->src/main/AndroidManifest.xml:76:25-66
56
57                <category android:name="android.intent.category.LAUNCHER" />
57-->src/main/AndroidManifest.xml:77:17-77
57-->src/main/AndroidManifest.xml:77:27-74
58            </intent-filter>
59        </activity>
60    </application>
61
62</manifest>